TN:
SF:midelwear/autho.js
FN:6,checkForAuthenticationCookie
FNF:1
FNH:1
FNDA:3,checkForAuthenticationCookie
DA:2,1
DA:3,1
DA:4,1
DA:7,3
DA:8,3
DA:11,3
DA:12,1
DA:16,2
DA:17,2
DA:18,2
DA:19,2
DA:22,0
DA:23,0
DA:27,0
DA:28,0
DA:32,1
LF:16
LH:12
BRDA:11,0,0,1
BRDA:11,0,1,2
BRF:2
BRH:2
end_of_record
TN:
SF:midelwear/restrict.js
FN:5,checkRole
FN:6,(anonymous_1)
FNF:2
FNH:2
FNDA:3,checkRole
FNDA:3,(anonymous_1)
DA:1,1
DA:2,1
DA:3,1
DA:6,3
DA:7,3
DA:9,3
DA:10,1
DA:14,2
DA:15,2
DA:16,2
DA:18,0
DA:19,0
DA:23,2
DA:24,0
DA:25,0
DA:27,2
DA:28,0
DA:29,0
DA:34,2
DA:35,1
DA:37,1
DA:42,1
LF:22
LH:16
BRDA:9,0,0,1
BRDA:9,0,1,2
BRDA:23,1,0,0
BRDA:23,1,1,2
BRDA:27,2,0,0
BRDA:27,2,1,2
BRDA:34,3,0,1
BRDA:34,3,1,1
BRF:8
BRH:6
end_of_record
TN:
SF:seirvise/autho.js
FN:6,createTokenForUser
FN:16,validateToken
FNF:2
FNH:2
FNDA:4,createTokenForUser
FNDA:6,validateToken
DA:1,3
DA:3,3
DA:4,3
DA:7,4
DA:12,4
DA:13,4
DA:17,6
DA:19,6
DA:20,6
DA:21,4
DA:23,2
DA:27,3
LF:12
LH:12
BRDA:17,0,0,0
BRDA:17,0,1,6
BRF:2
BRH:1
end_of_record
